<?xml version="1.0" encoding="UTF-8"?>
<testsuite xmlns:xsi="http://www.w3.org/2001/XMLSchema-instance" xsi:noNamespaceSchemaLocation="https://maven.apache.org/surefire/maven-surefire-plugin/xsd/surefire-test-report-3.0.xsd" version="3.0" name="com.livajusic.marko.aurora.AuroraApplicationTests" time="8.581" tests="1" errors="0" skipped="0" failures="0">
  <properties>
    <property name="java.specification.version" value="19"/>
    <property name="sun.cpu.isalist" value="amd64"/>
    <property name="sun.jnu.encoding" value="Cp1252"/>
    <property name="java.class.path" value="C:\Dev\vaurora\target\test-classes;C:\Dev\vaurora\target\classes;C:\Users\marko\.m2\repository\org\springframework\boot\spring-boot-starter-data-jpa\3.2.5\spring-boot-starter-data-jpa-3.2.5.jar;C:\Users\marko\.m2\repository\org\springframework\boot\spring-boot-starter-aop\3.2.5\spring-boot-starter-aop-3.2.5.jar;C:\Users\marko\.m2\repository\org\aspectj\aspectjweaver\1.9.22\aspectjweaver-1.9.22.jar;C:\Users\marko\.m2\repository\org\springframework\boot\spring-boot-starter-jdbc\3.2.5\spring-boot-starter-jdbc-3.2.5.jar;C:\Users\marko\.m2\repository\com\zaxxer\HikariCP\5.0.1\HikariCP-5.0.1.jar;C:\Users\marko\.m2\repository\org\springframework\spring-jdbc\6.1.6\spring-jdbc-6.1.6.jar;C:\Users\marko\.m2\repository\org\hibernate\orm\hibernate-core\6.4.4.Final\hibernate-core-6.4.4.Final.jar;C:\Users\marko\.m2\repository\jakarta\persistence\jakarta.persistence-api\3.1.0\jakarta.persistence-api-3.1.0.jar;C:\Users\marko\.m2\repository\jakarta\transaction\jakarta.transaction-api\2.0.1\jakarta.transaction-api-2.0.1.jar;C:\Users\marko\.m2\repository\org\jboss\logging\jboss-logging\3.5.3.Final\jboss-logging-3.5.3.Final.jar;C:\Users\marko\.m2\repository\org\hibernate\common\hibernate-commons-annotations\6.0.6.Final\hibernate-commons-annotations-6.0.6.Final.jar;C:\Users\marko\.m2\repository\io\smallrye\jandex\3.1.2\jandex-3.1.2.jar;C:\Users\marko\.m2\repository\com\fasterxml\classmate\1.6.0\classmate-1.6.0.jar;C:\Users\marko\.m2\repository\net\bytebuddy\byte-buddy\1.14.13\byte-buddy-1.14.13.jar;C:\Users\marko\.m2\repository\org\glassfish\jaxb\jaxb-runtime\4.0.5\jaxb-runtime-4.0.5.jar;C:\Users\marko\.m2\repository\org\glassfish\jaxb\jaxb-core\4.0.5\jaxb-core-4.0.5.jar;C:\Users\marko\.m2\repository\org\eclipse\angus\angus-activation\2.0.2\angus-activation-2.0.2.jar;C:\Users\marko\.m2\repository\org\glassfish\jaxb\txw2\4.0.5\txw2-4.0.5.jar;C:\Users\marko\.m2\repository\com\sun\istack\istack-commons-runtime\4.1.2\istack-commons-runtime-4.1.2.jar;C:\Users\marko\.m2\repository\jakarta\inject\jakarta.inject-api\2.0.1\jakarta.inject-api-2.0.1.jar;C:\Users\marko\.m2\repository\org\antlr\antlr4-runtime\4.13.0\antlr4-runtime-4.13.0.jar;C:\Users\marko\.m2\repository\org\springframework\data\spring-data-jpa\3.2.5\spring-data-jpa-3.2.5.jar;C:\Users\marko\.m2\repository\org\springframework\data\spring-data-commons\3.2.5\spring-data-commons-3.2.5.jar;C:\Users\marko\.m2\repository\org\springframework\spring-orm\6.1.6\spring-orm-6.1.6.jar;C:\Users\marko\.m2\repository\org\springframework\spring-context\6.1.6\spring-context-6.1.6.jar;C:\Users\marko\.m2\repository\org\springframework\spring-tx\6.1.6\spring-tx-6.1.6.jar;C:\Users\marko\.m2\repository\org\springframework\spring-beans\6.1.6\spring-beans-6.1.6.jar;C:\Users\marko\.m2\repository\jakarta\annotation\jakarta.annotation-api\2.1.1\jakarta.annotation-api-2.1.1.jar;C:\Users\marko\.m2\repository\org\slf4j\slf4j-api\2.0.13\slf4j-api-2.0.13.jar;C:\Users\marko\.m2\repository\org\springframework\spring-aspects\6.1.6\spring-aspects-6.1.6.jar;C:\Users\marko\.m2\repository\org\springframework\boot\spring-boot-starter-web\3.2.5\spring-boot-starter-web-3.2.5.jar;C:\Users\marko\.m2\repository\org\springframework\boot\spring-boot-starter\3.2.5\spring-boot-starter-3.2.5.jar;C:\Users\marko\.m2\repository\org\springframework\boot\spring-boot\3.2.5\spring-boot-3.2.5.jar;C:\Users\marko\.m2\repository\org\springframework\boot\spring-boot-autoconfigure\3.2.5\spring-boot-autoconfigure-3.2.5.jar;C:\Users\marko\.m2\repository\org\springframework\boot\spring-boot-starter-logging\3.2.5\spring-boot-starter-logging-3.2.5.jar;C:\Users\marko\.m2\repository\ch\qos\logback\logback-classic\1.4.14\logback-classic-1.4.14.jar;C:\Users\marko\.m2\repository\ch\qos\logback\logback-core\1.4.14\logback-core-1.4.14.jar;C:\Users\marko\.m2\repository\org\apache\logging\log4j\log4j-to-slf4j\2.21.1\log4j-to-slf4j-2.21.1.jar;C:\Users\marko\.m2\repository\org\apache\logging\log4j\log4j-api\2.21.1\log4j-api-2.21.1.jar;C:\Users\marko\.m2\repository\org\slf4j\jul-to-slf4j\2.0.13\jul-to-slf4j-2.0.13.jar;C:\Users\marko\.m2\repository\org\yaml\snakeyaml\2.2\snakeyaml-2.2.jar;C:\Users\marko\.m2\repository\org\springframework\boot\spring-boot-starter-json\3.2.5\spring-boot-starter-json-3.2.5.jar;C:\Users\marko\.m2\repository\com\fasterxml\jackson\core\jackson-databind\2.15.4\jackson-databind-2.15.4.jar;C:\Users\marko\.m2\repository\com\fasterxml\jackson\core\jackson-annotations\2.15.4\jackson-annotations-2.15.4.jar;C:\Users\marko\.m2\repository\com\fasterxml\jackson\core\jackson-core\2.15.4\jackson-core-2.15.4.jar;C:\Users\marko\.m2\repository\com\fasterxml\jackson\datatype\jackson-datatype-jdk8\2.15.4\jackson-datatype-jdk8-2.15.4.jar;C:\Users\marko\.m2\repository\com\fasterxml\jackson\datatype\jackson-datatype-jsr310\2.15.4\jackson-datatype-jsr310-2.15.4.jar;C:\Users\marko\.m2\repository\com\fasterxml\jackson\module\jackson-module-parameter-names\2.15.4\jackson-module-parameter-names-2.15.4.jar;C:\Users\marko\.m2\repository\org\springframework\boot\spring-boot-starter-tomcat\3.2.5\spring-boot-starter-tomcat-3.2.5.jar;C:\Users\marko\.m2\repository\org\apache\tomcat\embed\tomcat-embed-core\10.1.20\tomcat-embed-core-10.1.20.jar;C:\Users\marko\.m2\repository\org\apache\tomcat\embed\tomcat-embed-el\10.1.20\tomcat-embed-el-10.1.20.jar;C:\Users\marko\.m2\repository\org\apache\tomcat\embed\tomcat-embed-websocket\10.1.20\tomcat-embed-websocket-10.1.20.jar;C:\Users\marko\.m2\repository\org\springframework\spring-web\6.1.6\spring-web-6.1.6.jar;C:\Users\marko\.m2\repository\io\micrometer\micrometer-observation\1.12.5\micrometer-observation-1.12.5.jar;C:\Users\marko\.m2\repository\io\micrometer\micrometer-commons\1.12.5\micrometer-commons-1.12.5.jar;C:\Users\marko\.m2\repository\org\springframework\spring-webmvc\6.1.6\spring-webmvc-6.1.6.jar;C:\Users\marko\.m2\repository\org\springframework\spring-expression\6.1.6\spring-expression-6.1.6.jar;C:\Users\marko\.m2\repository\com\vaadin\vaadin-spring-boot-starter\24.3.12\vaadin-spring-boot-starter-24.3.12.jar;C:\Users\marko\.m2\repository\com\vaadin\vaadin-spring\24.3.10\vaadin-spring-24.3.10.jar;C:\Users\marko\.m2\repository\com\vaadin\flow-server\24.3.10\flow-server-24.3.10.jar;C:\Users\marko\.m2\repository\com\vaadin\servletdetector\throw-if-servlet3\1.0.2\throw-if-servlet3-1.0.2.jar;C:\Users\marko\.m2\repository\com\vaadin\external\gwt\gwt-elemental\2.8.2.vaadin2\gwt-elemental-2.8.2.vaadin2.jar;C:\Users\marko\.m2\repository\org\apache\commons\commons-fileupload2-jakarta\2.0.0-M1\commons-fileupload2-jakarta-2.0.0-M1.jar;C:\Users\marko\.m2\repository\org\apache\commons\commons-fileupload2-core\2.0.0-M1\commons-fileupload2-core-2.0.0-M1.jar;C:\Users\marko\.m2\repository\commons-io\commons-io\2.15.0\commons-io-2.15.0.jar;C:\Users\marko\.m2\repository\org\jsoup\jsoup\1.17.2\jsoup-1.17.2.jar;C:\Users\marko\.m2\repository\com\helger\ph-css\7.0.1\ph-css-7.0.1.jar;C:\Users\marko\.m2\repository\com\helger\commons\ph-commons\11.1.0\ph-commons-11.1.0.jar;C:\Users\marko\.m2\repository\org\ow2\asm\asm\9.6\asm-9.6.jar;C:\Users\marko\.m2\repository\com\vaadin\external\gentyref\1.2.0.vaadin1\gentyref-1.2.0.vaadin1.jar;C:\Users\marko\.m2\repository\org\apache\commons\commons-compress\1.26.1\commons-compress-1.26.1.jar;C:\Users\marko\.m2\repository\commons-codec\commons-codec\1.16.1\commons-codec-1.16.1.jar;C:\Users\marko\.m2\repository\org\apache\commons\commons-lang3\3.13.0\commons-lang3-3.13.0.jar;C:\Users\marko\.m2\repository\com\vaadin\flow-push\24.3.10\flow-push-24.3.10.jar;C:\Users\marko\.m2\repository\com\vaadin\external\atmosphere\atmosphere-runtime\3.0.5.slf4jvaadin1\atmosphere-runtime-3.0.5.slf4jvaadin1.jar;C:\Users\marko\.m2\repository\com\vaadin\flow-client\24.3.10\flow-client-24.3.10.jar;C:\Users\marko\.m2\repository\org\springframework\spring-websocket\6.1.6\spring-websocket-6.1.6.jar;C:\Users\marko\.m2\repository\org\hibernate\validator\hibernate-validator\8.0.1.Final\hibernate-validator-8.0.1.Final.jar;C:\Users\marko\.m2\repository\jakarta\validation\jakarta.validation-api\3.0.2\jakarta.validation-api-3.0.2.jar;C:\Users\marko\.m2\repository\org\reflections\reflections\0.10.2\reflections-0.10.2.jar;C:\Users\marko\.m2\repository\org\javassist\javassist\3.28.0-GA\javassist-3.28.0-GA.jar;C:\Users\marko\.m2\repository\com\google\code\findbugs\jsr305\3.0.2\jsr305-3.0.2.jar;C:\Users\marko\.m2\repository\com\vaadin\vaadin-core\24.3.12\vaadin-core-24.3.12.jar;C:\Users\marko\.m2\repository\com\vaadin\vaadin-core-internal\24.3.12\vaadin-core-internal-24.3.12.jar;C:\Users\marko\.m2\repository\com\vaadin\flow-lit-template\24.3.10\flow-lit-template-24.3.10.jar;C:\Users\marko\.m2\repository\com\vaadin\flow-html-components\24.3.10\flow-html-components-24.3.10.jar;C:\Users\marko\.m2\repository\com\vaadin\flow-data\24.3.10\flow-data-24.3.10.jar;C:\Users\marko\.m2\repository\com\vaadin\flow-dnd\24.3.10\flow-dnd-24.3.10.jar;C:\Users\marko\.m2\repository\com\vaadin\vaadin-lumo-theme\24.3.12\vaadin-lumo-theme-24.3.12.jar;C:\Users\marko\.m2\repository\com\vaadin\vaadin-material-theme\24.3.12\vaadin-material-theme-24.3.12.jar;C:\Users\marko\.m2\repository\com\vaadin\vaadin-accordion-flow\24.3.12\vaadin-accordion-flow-24.3.12.jar;C:\Users\marko\.m2\repository\com\vaadin\vaadin-avatar-flow\24.3.12\vaadin-avatar-flow-24.3.12.jar;C:\Users\marko\.m2\repository\com\vaadin\vaadin-flow-components-base\24.3.12\vaadin-flow-components-base-24.3.12.jar;C:\Users\marko\.m2\repository\com\vaadin\vaadin-button-flow\24.3.12\vaadin-button-flow-24.3.12.jar;C:\Users\marko\.m2\repository\com\vaadin\vaadin-checkbox-flow\24.3.12\vaadin-checkbox-flow-24.3.12.jar;C:\Users\marko\.m2\repository\com\vaadin\vaadin-combo-box-flow\24.3.12\vaadin-combo-box-flow-24.3.12.jar;C:\Users\marko\.m2\repository\com\vaadin\vaadin-confirm-dialog-flow\24.3.12\vaadin-confirm-dialog-flow-24.3.12.jar;C:\Users\marko\.m2\repository\com\vaadin\vaadin-custom-field-flow\24.3.12\vaadin-custom-field-flow-24.3.12.jar;C:\Users\marko\.m2\repository\com\vaadin\vaadin-date-picker-flow\24.3.12\vaadin-date-picker-flow-24.3.12.jar;C:\Users\marko\.m2\repository\com\vaadin\vaadin-date-time-picker-flow\24.3.12\vaadin-date-time-picker-flow-24.3.12.jar;C:\Users\marko\.m2\repository\com\vaadin\vaadin-details-flow\24.3.12\vaadin-details-flow-24.3.12.jar;C:\Users\marko\.m2\repository\com\vaadin\vaadin-time-picker-flow\24.3.12\vaadin-time-picker-flow-24.3.12.jar;C:\Users\marko\.m2\repository\com\vaadin\vaadin-select-flow\24.3.12\vaadin-select-flow-24.3.12.jar;C:\Users\marko\.m2\repository\com\vaadin\vaadin-side-nav-flow\24.3.12\vaadin-side-nav-flow-24.3.12.jar;C:\Users\marko\.m2\repository\com\vaadin\vaadin-dialog-flow\24.3.12\vaadin-dialog-flow-24.3.12.jar;C:\Users\marko\.m2\repository\com\vaadin\vaadin-form-layout-flow\24.3.12\vaadin-form-layout-flow-24.3.12.jar;C:\Users\marko\.m2\repository\com\vaadin\vaadin-field-highlighter-flow\24.3.12\vaadin-field-highlighter-flow-24.3.12.jar;C:\Users\marko\.m2\repository\com\vaadin\vaadin-grid-flow\24.3.12\vaadin-grid-flow-24.3.12.jar;C:\Users\marko\.m2\repository\com\vaadin\vaadin-icons-flow\24.3.12\vaadin-icons-flow-24.3.12.jar;C:\Users\marko\.m2\repository\com\vaadin\vaadin-virtual-list-flow\24.3.12\vaadin-virtual-list-flow-24.3.12.jar;C:\Users\marko\.m2\repository\com\vaadin\vaadin-list-box-flow\24.3.12\vaadin-list-box-flow-24.3.12.jar;C:\Users\marko\.m2\repository\com\vaadin\vaadin-login-flow\24.3.12\vaadin-login-flow-24.3.12.jar;C:\Users\marko\.m2\repository\com\vaadin\vaadin-messages-flow\24.3.12\vaadin-messages-flow-24.3.12.jar;C:\Users\marko\.m2\repository\com\vaadin\vaadin-ordered-layout-flow\24.3.12\vaadin-ordered-layout-flow-24.3.12.jar;C:\Users\marko\.m2\repository\com\vaadin\vaadin-progress-bar-flow\24.3.12\vaadin-progress-bar-flow-24.3.12.jar;C:\Users\marko\.m2\repository\com\vaadin\vaadin-radio-button-flow\24.3.12\vaadin-radio-button-flow-24.3.12.jar;C:\Users\marko\.m2\repository\com\vaadin\vaadin-renderer-flow\24.3.12\vaadin-renderer-flow-24.3.12.jar;C:\Users\marko\.m2\repository\com\vaadin\vaadin-split-layout-flow\24.3.12\vaadin-split-layout-flow-24.3.12.jar;C:\Users\marko\.m2\repository\com\vaadin\vaadin-tabs-flow\24.3.12\vaadin-tabs-flow-24.3.12.jar;C:\Users\marko\.m2\repository\com\vaadin\vaadin-text-field-flow\24.3.12\vaadin-text-field-flow-24.3.12.jar;C:\Users\marko\.m2\repository\com\vaadin\vaadin-upload-flow\24.3.12\vaadin-upload-flow-24.3.12.jar;C:\Users\marko\.m2\repository\com\vaadin\vaadin-notification-flow\24.3.12\vaadin-notification-flow-24.3.12.jar;C:\Users\marko\.m2\repository\com\vaadin\vaadin-app-layout-flow\24.3.12\vaadin-app-layout-flow-24.3.12.jar;C:\Users\marko\.m2\repository\com\vaadin\vaadin-context-menu-flow\24.3.12\vaadin-context-menu-flow-24.3.12.jar;C:\Users\marko\.m2\repository\com\vaadin\vaadin-menu-bar-flow\24.3.12\vaadin-menu-bar-flow-24.3.12.jar;C:\Users\marko\.m2\repository\com\vaadin\vaadin-dev\24.3.12\vaadin-dev-24.3.12.jar;C:\Users\marko\.m2\repository\com\vaadin\vaadin-dev-server\24.3.10\vaadin-dev-server-24.3.10.jar;C:\Users\marko\.m2\repository\com\vaadin\license-checker\1.12.8\license-checker-1.12.8.jar;C:\Users\marko\.m2\repository\com\github\oshi\oshi-core\6.4.10\oshi-core-6.4.10.jar;C:\Users\marko\.m2\repository\net\java\dev\jna\jna\5.14.0\jna-5.14.0.jar;C:\Users\marko\.m2\repository\net\java\dev\jna\jna-platform\5.14.0\jna-platform-5.14.0.jar;C:\Users\marko\.m2\repository\com\nimbusds\nimbus-jose-jwt\9.37.3\nimbus-jose-jwt-9.37.3.jar;C:\Users\marko\.m2\repository\org\lucee\jcip-annotations\1.0.0\jcip-annotations-1.0.0.jar;C:\Users\marko\.m2\repository\com\vaadin\open\8.5.0\open-8.5.0.jar;C:\Users\marko\.m2\repository\com\github\javaparser\javaparser-core\3.25.6\javaparser-core-3.25.6.jar;C:\Users\marko\.m2\repository\io\methvin\directory-watcher\0.18.0\directory-watcher-0.18.0.jar;C:\Users\marko\.m2\repository\com\vaadin\vaadin-dev-bundle\24.3.12\vaadin-dev-bundle-24.3.12.jar;C:\Users\marko\.m2\repository\org\springframework\boot\spring-boot-starter-security\3.2.5\spring-boot-starter-security-3.2.5.jar;C:\Users\marko\.m2\repository\org\springframework\spring-aop\6.1.6\spring-aop-6.1.6.jar;C:\Users\marko\.m2\repository\org\springframework\security\spring-security-config\6.2.4\spring-security-config-6.2.4.jar;C:\Users\marko\.m2\repository\org\springframework\security\spring-security-core\6.2.4\spring-security-core-6.2.4.jar;C:\Users\marko\.m2\repository\org\springframework\security\spring-security-crypto\6.2.4\spring-security-crypto-6.2.4.jar;C:\Users\marko\.m2\repository\org\springframework\security\spring-security-web\6.2.4\spring-security-web-6.2.4.jar;C:\Users\marko\.m2\repository\com\h2database\h2\2.2.224\h2-2.2.224.jar;C:\Users\marko\.m2\repository\org\postgresql\postgresql\42.6.2\postgresql-42.6.2.jar;C:\Users\marko\.m2\repository\org\checkerframework\checker-qual\3.31.0\checker-qual-3.31.0.jar;C:\Users\marko\.m2\repository\org\springframework\boot\spring-boot-starter-test\3.2.5\spring-boot-starter-test-3.2.5.jar;C:\Users\marko\.m2\repository\org\springframework\boot\spring-boot-test\3.2.5\spring-boot-test-3.2.5.jar;C:\Users\marko\.m2\repository\org\springframework\boot\spring-boot-test-autoconfigure\3.2.5\spring-boot-test-autoconfigure-3.2.5.jar;C:\Users\marko\.m2\repository\com\jayway\jsonpath\json-path\2.9.0\json-path-2.9.0.jar;C:\Users\marko\.m2\repository\jakarta\xml\bind\jakarta.xml.bind-api\4.0.2\jakarta.xml.bind-api-4.0.2.jar;C:\Users\marko\.m2\repository\jakarta\activation\jakarta.activation-api\2.1.3\jakarta.activation-api-2.1.3.jar;C:\Users\marko\.m2\repository\net\minidev\json-smart\2.5.1\json-smart-2.5.1.jar;C:\Users\marko\.m2\repository\net\minidev\accessors-smart\2.5.1\accessors-smart-2.5.1.jar;C:\Users\marko\.m2\repository\org\assertj\assertj-core\3.24.2\assertj-core-3.24.2.jar;C:\Users\marko\.m2\repository\org\awaitility\awaitility\4.2.1\awaitility-4.2.1.jar;C:\Users\marko\.m2\repository\org\hamcrest\hamcrest\2.2\hamcrest-2.2.jar;C:\Users\marko\.m2\repository\org\junit\jupiter\junit-jupiter\5.10.2\junit-jupiter-5.10.2.jar;C:\Users\marko\.m2\repository\org\junit\jupiter\junit-jupiter-api\5.10.2\junit-jupiter-api-5.10.2.jar;C:\Users\marko\.m2\repository\org\opentest4j\opentest4j\1.3.0\opentest4j-1.3.0.jar;C:\Users\marko\.m2\repository\org\junit\platform\junit-platform-commons\1.10.2\junit-platform-commons-1.10.2.jar;C:\Users\marko\.m2\repository\org\apiguardian\apiguardian-api\1.1.2\apiguardian-api-1.1.2.jar;C:\Users\marko\.m2\repository\org\junit\jupiter\junit-jupiter-params\5.10.2\junit-jupiter-params-5.10.2.jar;C:\Users\marko\.m2\repository\org\junit\jupiter\junit-jupiter-engine\5.10.2\junit-jupiter-engine-5.10.2.jar;C:\Users\marko\.m2\repository\org\junit\platform\junit-platform-engine\1.10.2\junit-platform-engine-1.10.2.jar;C:\Users\marko\.m2\repository\org\mockito\mockito-core\5.7.0\mockito-core-5.7.0.jar;C:\Users\marko\.m2\repository\net\bytebuddy\byte-buddy-agent\1.14.13\byte-buddy-agent-1.14.13.jar;C:\Users\marko\.m2\repository\org\objenesis\objenesis\3.3\objenesis-3.3.jar;C:\Users\marko\.m2\repository\org\mockito\mockito-junit-jupiter\5.7.0\mockito-junit-jupiter-5.7.0.jar;C:\Users\marko\.m2\repository\org\skyscreamer\jsonassert\1.5.1\jsonassert-1.5.1.jar;C:\Users\marko\.m2\repository\com\vaadin\external\google\android-json\0.0.20131108.vaadin1\android-json-0.0.20131108.vaadin1.jar;C:\Users\marko\.m2\repository\org\springframework\spring-core\6.1.6\spring-core-6.1.6.jar;C:\Users\marko\.m2\repository\org\springframework\spring-jcl\6.1.6\spring-jcl-6.1.6.jar;C:\Users\marko\.m2\repository\org\springframework\spring-test\6.1.6\spring-test-6.1.6.jar;C:\Users\marko\.m2\repository\org\xmlunit\xmlunit-core\2.9.1\xmlunit-core-2.9.1.jar;"/>
    <property name="java.vm.vendor" value="Oracle Corporation"/>
    <property name="sun.arch.data.model" value="64"/>
    <property name="user.variant" value=""/>
    <property name="spring.devtools.livereload.port" value="35729"/>
    <property name="java.vendor.url" value="https://java.oracle.com/"/>
    <property name="user.timezone" value="Europe/Berlin"/>
    <property name="org.jboss.logging.provider" value="slf4j"/>
    <property name="user.country.format" value="DE"/>
    <property name="os.name" value="Windows 11"/>
    <property name="java.vm.specification.version" value="19"/>
    <property name="sun.java.launcher" value="SUN_STANDARD"/>
    <property name="user.country" value="GB"/>
    <property name="sun.boot.library.path" value="C:\Program Files\Java\jdk-19\bin"/>
    <property name="sun.java.command" value="C:\Users\marko\AppData\Local\Temp\surefire14078539809124986347\surefirebooter-20240622234755639_3.jar C:\Users\marko\AppData\Local\Temp\surefire14078539809124986347 2024-06-22T23-47-55_523-jvmRun1 surefire-20240622234755639_1tmp surefire_0-20240622234755639_2tmp"/>
    <property name="jdk.debug" value="release"/>
    <property name="surefire.test.class.path" value="C:\Dev\vaurora\target\test-classes;C:\Dev\vaurora\target\classes;C:\Users\marko\.m2\repository\org\springframework\boot\spring-boot-starter-data-jpa\3.2.5\spring-boot-starter-data-jpa-3.2.5.jar;C:\Users\marko\.m2\repository\org\springframework\boot\spring-boot-starter-aop\3.2.5\spring-boot-starter-aop-3.2.5.jar;C:\Users\marko\.m2\repository\org\aspectj\aspectjweaver\1.9.22\aspectjweaver-1.9.22.jar;C:\Users\marko\.m2\repository\org\springframework\boot\spring-boot-starter-jdbc\3.2.5\spring-boot-starter-jdbc-3.2.5.jar;C:\Users\marko\.m2\repository\com\zaxxer\HikariCP\5.0.1\HikariCP-5.0.1.jar;C:\Users\marko\.m2\repository\org\springframework\spring-jdbc\6.1.6\spring-jdbc-6.1.6.jar;C:\Users\marko\.m2\repository\org\hibernate\orm\hibernate-core\6.4.4.Final\hibernate-core-6.4.4.Final.jar;C:\Users\marko\.m2\repository\jakarta\persistence\jakarta.persistence-api\3.1.0\jakarta.persistence-api-3.1.0.jar;C:\Users\marko\.m2\repository\jakarta\transaction\jakarta.transaction-api\2.0.1\jakarta.transaction-api-2.0.1.jar;C:\Users\marko\.m2\repository\org\jboss\logging\jboss-logging\3.5.3.Final\jboss-logging-3.5.3.Final.jar;C:\Users\marko\.m2\repository\org\hibernate\common\hibernate-commons-annotations\6.0.6.Final\hibernate-commons-annotations-6.0.6.Final.jar;C:\Users\marko\.m2\repository\io\smallrye\jandex\3.1.2\jandex-3.1.2.jar;C:\Users\marko\.m2\repository\com\fasterxml\classmate\1.6.0\classmate-1.6.0.jar;C:\Users\marko\.m2\repository\net\bytebuddy\byte-buddy\1.14.13\byte-buddy-1.14.13.jar;C:\Users\marko\.m2\repository\org\glassfish\jaxb\jaxb-runtime\4.0.5\jaxb-runtime-4.0.5.jar;C:\Users\marko\.m2\repository\org\glassfish\jaxb\jaxb-core\4.0.5\jaxb-core-4.0.5.jar;C:\Users\marko\.m2\repository\org\eclipse\angus\angus-activation\2.0.2\angus-activation-2.0.2.jar;C:\Users\marko\.m2\repository\org\glassfish\jaxb\txw2\4.0.5\txw2-4.0.5.jar;C:\Users\marko\.m2\repository\com\sun\istack\istack-commons-runtime\4.1.2\istack-commons-runtime-4.1.2.jar;C:\Users\marko\.m2\repository\jakarta\inject\jakarta.inject-api\2.0.1\jakarta.inject-api-2.0.1.jar;C:\Users\marko\.m2\repository\org\antlr\antlr4-runtime\4.13.0\antlr4-runtime-4.13.0.jar;C:\Users\marko\.m2\repository\org\springframework\data\spring-data-jpa\3.2.5\spring-data-jpa-3.2.5.jar;C:\Users\marko\.m2\repository\org\springframework\data\spring-data-commons\3.2.5\spring-data-commons-3.2.5.jar;C:\Users\marko\.m2\repository\org\springframework\spring-orm\6.1.6\spring-orm-6.1.6.jar;C:\Users\marko\.m2\repository\org\springframework\spring-context\6.1.6\spring-context-6.1.6.jar;C:\Users\marko\.m2\repository\org\springframework\spring-tx\6.1.6\spring-tx-6.1.6.jar;C:\Users\marko\.m2\repository\org\springframework\spring-beans\6.1.6\spring-beans-6.1.6.jar;C:\Users\marko\.m2\repository\jakarta\annotation\jakarta.annotation-api\2.1.1\jakarta.annotation-api-2.1.1.jar;C:\Users\marko\.m2\repository\org\slf4j\slf4j-api\2.0.13\slf4j-api-2.0.13.jar;C:\Users\marko\.m2\repository\org\springframework\spring-aspects\6.1.6\spring-aspects-6.1.6.jar;C:\Users\marko\.m2\repository\org\springframework\boot\spring-boot-starter-web\3.2.5\spring-boot-starter-web-3.2.5.jar;C:\Users\marko\.m2\repository\org\springframework\boot\spring-boot-starter\3.2.5\spring-boot-starter-3.2.5.jar;C:\Users\marko\.m2\repository\org\springframework\boot\spring-boot\3.2.5\spring-boot-3.2.5.jar;C:\Users\marko\.m2\repository\org\springframework\boot\spring-boot-autoconfigure\3.2.5\spring-boot-autoconfigure-3.2.5.jar;C:\Users\marko\.m2\repository\org\springframework\boot\spring-boot-starter-logging\3.2.5\spring-boot-starter-logging-3.2.5.jar;C:\Users\marko\.m2\repository\ch\qos\logback\logback-classic\1.4.14\logback-classic-1.4.14.jar;C:\Users\marko\.m2\repository\ch\qos\logback\logback-core\1.4.14\logback-core-1.4.14.jar;C:\Users\marko\.m2\repository\org\apache\logging\log4j\log4j-to-slf4j\2.21.1\log4j-to-slf4j-2.21.1.jar;C:\Users\marko\.m2\repository\org\apache\logging\log4j\log4j-api\2.21.1\log4j-api-2.21.1.jar;C:\Users\marko\.m2\repository\org\slf4j\jul-to-slf4j\2.0.13\jul-to-slf4j-2.0.13.jar;C:\Users\marko\.m2\repository\org\yaml\snakeyaml\2.2\snakeyaml-2.2.jar;C:\Users\marko\.m2\repository\org\springframework\boot\spring-boot-starter-json\3.2.5\spring-boot-starter-json-3.2.5.jar;C:\Users\marko\.m2\repository\com\fasterxml\jackson\core\jackson-databind\2.15.4\jackson-databind-2.15.4.jar;C:\Users\marko\.m2\repository\com\fasterxml\jackson\core\jackson-annotations\2.15.4\jackson-annotations-2.15.4.jar;C:\Users\marko\.m2\repository\com\fasterxml\jackson\core\jackson-core\2.15.4\jackson-core-2.15.4.jar;C:\Users\marko\.m2\repository\com\fasterxml\jackson\datatype\jackson-datatype-jdk8\2.15.4\jackson-datatype-jdk8-2.15.4.jar;C:\Users\marko\.m2\repository\com\fasterxml\jackson\datatype\jackson-datatype-jsr310\2.15.4\jackson-datatype-jsr310-2.15.4.jar;C:\Users\marko\.m2\repository\com\fasterxml\jackson\module\jackson-module-parameter-names\2.15.4\jackson-module-parameter-names-2.15.4.jar;C:\Users\marko\.m2\repository\org\springframework\boot\spring-boot-starter-tomcat\3.2.5\spring-boot-starter-tomcat-3.2.5.jar;C:\Users\marko\.m2\repository\org\apache\tomcat\embed\tomcat-embed-core\10.1.20\tomcat-embed-core-10.1.20.jar;C:\Users\marko\.m2\repository\org\apache\tomcat\embed\tomcat-embed-el\10.1.20\tomcat-embed-el-10.1.20.jar;C:\Users\marko\.m2\repository\org\apache\tomcat\embed\tomcat-embed-websocket\10.1.20\tomcat-embed-websocket-10.1.20.jar;C:\Users\marko\.m2\repository\org\springframework\spring-web\6.1.6\spring-web-6.1.6.jar;C:\Users\marko\.m2\repository\io\micrometer\micrometer-observation\1.12.5\micrometer-observation-1.12.5.jar;C:\Users\marko\.m2\repository\io\micrometer\micrometer-commons\1.12.5\micrometer-commons-1.12.5.jar;C:\Users\marko\.m2\repository\org\springframework\spring-webmvc\6.1.6\spring-webmvc-6.1.6.jar;C:\Users\marko\.m2\repository\org\springframework\spring-expression\6.1.6\spring-expression-6.1.6.jar;C:\Users\marko\.m2\repository\com\vaadin\vaadin-spring-boot-starter\24.3.12\vaadin-spring-boot-starter-24.3.12.jar;C:\Users\marko\.m2\repository\com\vaadin\vaadin-spring\24.3.10\vaadin-spring-24.3.10.jar;C:\Users\marko\.m2\repository\com\vaadin\flow-server\24.3.10\flow-server-24.3.10.jar;C:\Users\marko\.m2\repository\com\vaadin\servletdetector\throw-if-servlet3\1.0.2\throw-if-servlet3-1.0.2.jar;C:\Users\marko\.m2\repository\com\vaadin\external\gwt\gwt-elemental\2.8.2.vaadin2\gwt-elemental-2.8.2.vaadin2.jar;C:\Users\marko\.m2\repository\org\apache\commons\commons-fileupload2-jakarta\2.0.0-M1\commons-fileupload2-jakarta-2.0.0-M1.jar;C:\Users\marko\.m2\repository\org\apache\commons\commons-fileupload2-core\2.0.0-M1\commons-fileupload2-core-2.0.0-M1.jar;C:\Users\marko\.m2\repository\commons-io\commons-io\2.15.0\commons-io-2.15.0.jar;C:\Users\marko\.m2\repository\org\jsoup\jsoup\1.17.2\jsoup-1.17.2.jar;C:\Users\marko\.m2\repository\com\helger\ph-css\7.0.1\ph-css-7.0.1.jar;C:\Users\marko\.m2\repository\com\helger\commons\ph-commons\11.1.0\ph-commons-11.1.0.jar;C:\Users\marko\.m2\repository\org\ow2\asm\asm\9.6\asm-9.6.jar;C:\Users\marko\.m2\repository\com\vaadin\external\gentyref\1.2.0.vaadin1\gentyref-1.2.0.vaadin1.jar;C:\Users\marko\.m2\repository\org\apache\commons\commons-compress\1.26.1\commons-compress-1.26.1.jar;C:\Users\marko\.m2\repository\commons-codec\commons-codec\1.16.1\commons-codec-1.16.1.jar;C:\Users\marko\.m2\repository\org\apache\commons\commons-lang3\3.13.0\commons-lang3-3.13.0.jar;C:\Users\marko\.m2\repository\com\vaadin\flow-push\24.3.10\flow-push-24.3.10.jar;C:\Users\marko\.m2\repository\com\vaadin\external\atmosphere\atmosphere-runtime\3.0.5.slf4jvaadin1\atmosphere-runtime-3.0.5.slf4jvaadin1.jar;C:\Users\marko\.m2\repository\com\vaadin\flow-client\24.3.10\flow-client-24.3.10.jar;C:\Users\marko\.m2\repository\org\springframework\spring-websocket\6.1.6\spring-websocket-6.1.6.jar;C:\Users\marko\.m2\repository\org\hibernate\validator\hibernate-validator\8.0.1.Final\hibernate-validator-8.0.1.Final.jar;C:\Users\marko\.m2\repository\jakarta\validation\jakarta.validation-api\3.0.2\jakarta.validation-api-3.0.2.jar;C:\Users\marko\.m2\repository\org\reflections\reflections\0.10.2\reflections-0.10.2.jar;C:\Users\marko\.m2\repository\org\javassist\javassist\3.28.0-GA\javassist-3.28.0-GA.jar;C:\Users\marko\.m2\repository\com\google\code\findbugs\jsr305\3.0.2\jsr305-3.0.2.jar;C:\Users\marko\.m2\repository\com\vaadin\vaadin-core\24.3.12\vaadin-core-24.3.12.jar;C:\Users\marko\.m2\repository\com\vaadin\vaadin-core-internal\24.3.12\vaadin-core-internal-24.3.12.jar;C:\Users\marko\.m2\repository\com\vaadin\flow-lit-template\24.3.10\flow-lit-template-24.3.10.jar;C:\Users\marko\.m2\repository\com\vaadin\flow-html-components\24.3.10\flow-html-components-24.3.10.jar;C:\Users\marko\.m2\repository\com\vaadin\flow-data\24.3.10\flow-data-24.3.10.jar;C:\Users\marko\.m2\repository\com\vaadin\flow-dnd\24.3.10\flow-dnd-24.3.10.jar;C:\Users\marko\.m2\repository\com\vaadin\vaadin-lumo-theme\24.3.12\vaadin-lumo-theme-24.3.12.jar;C:\Users\marko\.m2\repository\com\vaadin\vaadin-material-theme\24.3.12\vaadin-material-theme-24.3.12.jar;C:\Users\marko\.m2\repository\com\vaadin\vaadin-accordion-flow\24.3.12\vaadin-accordion-flow-24.3.12.jar;C:\Users\marko\.m2\repository\com\vaadin\vaadin-avatar-flow\24.3.12\vaadin-avatar-flow-24.3.12.jar;C:\Users\marko\.m2\repository\com\vaadin\vaadin-flow-components-base\24.3.12\vaadin-flow-components-base-24.3.12.jar;C:\Users\marko\.m2\repository\com\vaadin\vaadin-button-flow\24.3.12\vaadin-button-flow-24.3.12.jar;C:\Users\marko\.m2\repository\com\vaadin\vaadin-checkbox-flow\24.3.12\vaadin-checkbox-flow-24.3.12.jar;C:\Users\marko\.m2\repository\com\vaadin\vaadin-combo-box-flow\24.3.12\vaadin-combo-box-flow-24.3.12.jar;C:\Users\marko\.m2\repository\com\vaadin\vaadin-confirm-dialog-flow\24.3.12\vaadin-confirm-dialog-flow-24.3.12.jar;C:\Users\marko\.m2\repository\com\vaadin\vaadin-custom-field-flow\24.3.12\vaadin-custom-field-flow-24.3.12.jar;C:\Users\marko\.m2\repository\com\vaadin\vaadin-date-picker-flow\24.3.12\vaadin-date-picker-flow-24.3.12.jar;C:\Users\marko\.m2\repository\com\vaadin\vaadin-date-time-picker-flow\24.3.12\vaadin-date-time-picker-flow-24.3.12.jar;C:\Users\marko\.m2\repository\com\vaadin\vaadin-details-flow\24.3.12\vaadin-details-flow-24.3.12.jar;C:\Users\marko\.m2\repository\com\vaadin\vaadin-time-picker-flow\24.3.12\vaadin-time-picker-flow-24.3.12.jar;C:\Users\marko\.m2\repository\com\vaadin\vaadin-select-flow\24.3.12\vaadin-select-flow-24.3.12.jar;C:\Users\marko\.m2\repository\com\vaadin\vaadin-side-nav-flow\24.3.12\vaadin-side-nav-flow-24.3.12.jar;C:\Users\marko\.m2\repository\com\vaadin\vaadin-dialog-flow\24.3.12\vaadin-dialog-flow-24.3.12.jar;C:\Users\marko\.m2\repository\com\vaadin\vaadin-form-layout-flow\24.3.12\vaadin-form-layout-flow-24.3.12.jar;C:\Users\marko\.m2\repository\com\vaadin\vaadin-field-highlighter-flow\24.3.12\vaadin-field-highlighter-flow-24.3.12.jar;C:\Users\marko\.m2\repository\com\vaadin\vaadin-grid-flow\24.3.12\vaadin-grid-flow-24.3.12.jar;C:\Users\marko\.m2\repository\com\vaadin\vaadin-icons-flow\24.3.12\vaadin-icons-flow-24.3.12.jar;C:\Users\marko\.m2\repository\com\vaadin\vaadin-virtual-list-flow\24.3.12\vaadin-virtual-list-flow-24.3.12.jar;C:\Users\marko\.m2\repository\com\vaadin\vaadin-list-box-flow\24.3.12\vaadin-list-box-flow-24.3.12.jar;C:\Users\marko\.m2\repository\com\vaadin\vaadin-login-flow\24.3.12\vaadin-login-flow-24.3.12.jar;C:\Users\marko\.m2\repository\com\vaadin\vaadin-messages-flow\24.3.12\vaadin-messages-flow-24.3.12.jar;C:\Users\marko\.m2\repository\com\vaadin\vaadin-ordered-layout-flow\24.3.12\vaadin-ordered-layout-flow-24.3.12.jar;C:\Users\marko\.m2\repository\com\vaadin\vaadin-progress-bar-flow\24.3.12\vaadin-progress-bar-flow-24.3.12.jar;C:\Users\marko\.m2\repository\com\vaadin\vaadin-radio-button-flow\24.3.12\vaadin-radio-button-flow-24.3.12.jar;C:\Users\marko\.m2\repository\com\vaadin\vaadin-renderer-flow\24.3.12\vaadin-renderer-flow-24.3.12.jar;C:\Users\marko\.m2\repository\com\vaadin\vaadin-split-layout-flow\24.3.12\vaadin-split-layout-flow-24.3.12.jar;C:\Users\marko\.m2\repository\com\vaadin\vaadin-tabs-flow\24.3.12\vaadin-tabs-flow-24.3.12.jar;C:\Users\marko\.m2\repository\com\vaadin\vaadin-text-field-flow\24.3.12\vaadin-text-field-flow-24.3.12.jar;C:\Users\marko\.m2\repository\com\vaadin\vaadin-upload-flow\24.3.12\vaadin-upload-flow-24.3.12.jar;C:\Users\marko\.m2\repository\com\vaadin\vaadin-notification-flow\24.3.12\vaadin-notification-flow-24.3.12.jar;C:\Users\marko\.m2\repository\com\vaadin\vaadin-app-layout-flow\24.3.12\vaadin-app-layout-flow-24.3.12.jar;C:\Users\marko\.m2\repository\com\vaadin\vaadin-context-menu-flow\24.3.12\vaadin-context-menu-flow-24.3.12.jar;C:\Users\marko\.m2\repository\com\vaadin\vaadin-menu-bar-flow\24.3.12\vaadin-menu-bar-flow-24.3.12.jar;C:\Users\marko\.m2\repository\com\vaadin\vaadin-dev\24.3.12\vaadin-dev-24.3.12.jar;C:\Users\marko\.m2\repository\com\vaadin\vaadin-dev-server\24.3.10\vaadin-dev-server-24.3.10.jar;C:\Users\marko\.m2\repository\com\vaadin\license-checker\1.12.8\license-checker-1.12.8.jar;C:\Users\marko\.m2\repository\com\github\oshi\oshi-core\6.4.10\oshi-core-6.4.10.jar;C:\Users\marko\.m2\repository\net\java\dev\jna\jna\5.14.0\jna-5.14.0.jar;C:\Users\marko\.m2\repository\net\java\dev\jna\jna-platform\5.14.0\jna-platform-5.14.0.jar;C:\Users\marko\.m2\repository\com\nimbusds\nimbus-jose-jwt\9.37.3\nimbus-jose-jwt-9.37.3.jar;C:\Users\marko\.m2\repository\org\lucee\jcip-annotations\1.0.0\jcip-annotations-1.0.0.jar;C:\Users\marko\.m2\repository\com\vaadin\open\8.5.0\open-8.5.0.jar;C:\Users\marko\.m2\repository\com\github\javaparser\javaparser-core\3.25.6\javaparser-core-3.25.6.jar;C:\Users\marko\.m2\repository\io\methvin\directory-watcher\0.18.0\directory-watcher-0.18.0.jar;C:\Users\marko\.m2\repository\com\vaadin\vaadin-dev-bundle\24.3.12\vaadin-dev-bundle-24.3.12.jar;C:\Users\marko\.m2\repository\org\springframework\boot\spring-boot-starter-security\3.2.5\spring-boot-starter-security-3.2.5.jar;C:\Users\marko\.m2\repository\org\springframework\spring-aop\6.1.6\spring-aop-6.1.6.jar;C:\Users\marko\.m2\repository\org\springframework\security\spring-security-config\6.2.4\spring-security-config-6.2.4.jar;C:\Users\marko\.m2\repository\org\springframework\security\spring-security-core\6.2.4\spring-security-core-6.2.4.jar;C:\Users\marko\.m2\repository\org\springframework\security\spring-security-crypto\6.2.4\spring-security-crypto-6.2.4.jar;C:\Users\marko\.m2\repository\org\springframework\security\spring-security-web\6.2.4\spring-security-web-6.2.4.jar;C:\Users\marko\.m2\repository\com\h2database\h2\2.2.224\h2-2.2.224.jar;C:\Users\marko\.m2\repository\org\postgresql\postgresql\42.6.2\postgresql-42.6.2.jar;C:\Users\marko\.m2\repository\org\checkerframework\checker-qual\3.31.0\checker-qual-3.31.0.jar;C:\Users\marko\.m2\repository\org\springframework\boot\spring-boot-starter-test\3.2.5\spring-boot-starter-test-3.2.5.jar;C:\Users\marko\.m2\repository\org\springframework\boot\spring-boot-test\3.2.5\spring-boot-test-3.2.5.jar;C:\Users\marko\.m2\repository\org\springframework\boot\spring-boot-test-autoconfigure\3.2.5\spring-boot-test-autoconfigure-3.2.5.jar;C:\Users\marko\.m2\repository\com\jayway\jsonpath\json-path\2.9.0\json-path-2.9.0.jar;C:\Users\marko\.m2\repository\jakarta\xml\bind\jakarta.xml.bind-api\4.0.2\jakarta.xml.bind-api-4.0.2.jar;C:\Users\marko\.m2\repository\jakarta\activation\jakarta.activation-api\2.1.3\jakarta.activation-api-2.1.3.jar;C:\Users\marko\.m2\repository\net\minidev\json-smart\2.5.1\json-smart-2.5.1.jar;C:\Users\marko\.m2\repository\net\minidev\accessors-smart\2.5.1\accessors-smart-2.5.1.jar;C:\Users\marko\.m2\repository\org\assertj\assertj-core\3.24.2\assertj-core-3.24.2.jar;C:\Users\marko\.m2\repository\org\awaitility\awaitility\4.2.1\awaitility-4.2.1.jar;C:\Users\marko\.m2\repository\org\hamcrest\hamcrest\2.2\hamcrest-2.2.jar;C:\Users\marko\.m2\repository\org\junit\jupiter\junit-jupiter\5.10.2\junit-jupiter-5.10.2.jar;C:\Users\marko\.m2\repository\org\junit\jupiter\junit-jupiter-api\5.10.2\junit-jupiter-api-5.10.2.jar;C:\Users\marko\.m2\repository\org\opentest4j\opentest4j\1.3.0\opentest4j-1.3.0.jar;C:\Users\marko\.m2\repository\org\junit\platform\junit-platform-commons\1.10.2\junit-platform-commons-1.10.2.jar;C:\Users\marko\.m2\repository\org\apiguardian\apiguardian-api\1.1.2\apiguardian-api-1.1.2.jar;C:\Users\marko\.m2\repository\org\junit\jupiter\junit-jupiter-params\5.10.2\junit-jupiter-params-5.10.2.jar;C:\Users\marko\.m2\repository\org\junit\jupiter\junit-jupiter-engine\5.10.2\junit-jupiter-engine-5.10.2.jar;C:\Users\marko\.m2\repository\org\junit\platform\junit-platform-engine\1.10.2\junit-platform-engine-1.10.2.jar;C:\Users\marko\.m2\repository\org\mockito\mockito-core\5.7.0\mockito-core-5.7.0.jar;C:\Users\marko\.m2\repository\net\bytebuddy\byte-buddy-agent\1.14.13\byte-buddy-agent-1.14.13.jar;C:\Users\marko\.m2\repository\org\objenesis\objenesis\3.3\objenesis-3.3.jar;C:\Users\marko\.m2\repository\org\mockito\mockito-junit-jupiter\5.7.0\mockito-junit-jupiter-5.7.0.jar;C:\Users\marko\.m2\repository\org\skyscreamer\jsonassert\1.5.1\jsonassert-1.5.1.jar;C:\Users\marko\.m2\repository\com\vaadin\external\google\android-json\0.0.20131108.vaadin1\android-json-0.0.20131108.vaadin1.jar;C:\Users\marko\.m2\repository\org\springframework\spring-core\6.1.6\spring-core-6.1.6.jar;C:\Users\marko\.m2\repository\org\springframework\spring-jcl\6.1.6\spring-jcl-6.1.6.jar;C:\Users\marko\.m2\repository\org\springframework\spring-test\6.1.6\spring-test-6.1.6.jar;C:\Users\marko\.m2\repository\org\xmlunit\xmlunit-core\2.9.1\xmlunit-core-2.9.1.jar;"/>
    <property name="sun.cpu.endian" value="little"/>
    <property name="user.home" value="C:\Users\marko"/>
    <property name="user.language" value="en"/>
    <property name="java.specification.vendor" value="Oracle Corporation"/>
    <property name="java.version.date" value="2023-01-17"/>
    <property name="java.home" value="C:\Program Files\Java\jdk-19"/>
    <property name="file.separator" value="\"/>
    <property name="basedir" value="C:\Dev\vaurora"/>
    <property name="java.vm.compressedOopsMode" value="Zero based"/>
    <property name="line.separator" value="&#10;"/>
    <property name="java.vm.specification.vendor" value="Oracle Corporation"/>
    <property name="java.specification.name" value="Java Platform API Specification"/>
    <property name="FILE_LOG_CHARSET" value="UTF-8"/>
    <property name="java.awt.headless" value="true"/>
    <property name="surefire.real.class.path" value="C:\Users\marko\AppData\Local\Temp\surefire14078539809124986347\surefirebooter-20240622234755639_3.jar"/>
    <property name="user.script" value=""/>
    <property name="sun.management.compiler" value="HotSpot 64-Bit Tiered Compilers"/>
    <property name="java.runtime.version" value="19.0.2+7-44"/>
    <property name="user.name" value="marko"/>
    <property name="stdout.encoding" value="Cp1252"/>
    <property name="path.separator" value=";"/>
    <property name="os.version" value="10.0"/>
    <property name="java.runtime.name" value="Java(TM) SE Runtime Environment"/>
    <property name="file.encoding" value="UTF-8"/>
    <property name="java.vm.name" value="Java HotSpot(TM) 64-Bit Server VM"/>
    <property name="localRepository" value="C:\Users\marko\.m2\repository"/>
    <property name="java.vendor.url.bug" value="https://bugreport.java.com/bugreport/"/>
    <property name="java.io.tmpdir" value="C:\Users\marko\AppData\Local\Temp\"/>
    <property name="com.zaxxer.hikari.pool_number" value="1"/>
    <property name="java.version" value="19.0.2"/>
    <property name="user.dir" value="C:\Dev\vaurora"/>
    <property name="os.arch" value="amd64"/>
    <property name="java.vm.specification.name" value="Java Virtual Machine Specification"/>
    <property name="PID" value="7356"/>
    <property name="sun.os.patch.level" value=""/>
    <property name="CONSOLE_LOG_CHARSET" value="UTF-8"/>
    <property name="native.encoding" value="Cp1252"/>
    <property name="java.library.path" value="C:\Program Files\Java\jdk-19\bin;C:\WINDOWS\Sun\Java\bin;C:\WINDOWS\system32;C:\WINDOWS;C:\Program Files\PowerShell\7;C:\Python311\;C:\VulkanSDK\1.3.224.1\Bin;C:\Windows\system32;C:\Windows;C:\Windows\System32\Wbem;C:\Windows\System32\WindowsPowerShell\v1.0\;C:\Windows\System32\OpenSSH\;C:\Program Files\dotnet\;C:\WINDOWS\system32;C:\WINDOWS;C:\WINDOWS\System32\Wbem;C:\WINDOWS\System32\WindowsPowerShell\v1.0\;C:\WINDOWS\System32\OpenSSH\;C:\Program Files (x86)\GnuWin32\bin;C:\Program Files\LLVM\bin;C:\WINDOWS\system32;C:\WINDOWS;C:\WINDOWS\System32\Wbem;C:\WINDOWS\System32\WindowsPowerShell\v1.0\;C:\WINDOWS\System32\OpenSSH\;C:\Program Files (x86)\PowerShell\7\;C:\Program Files\Git\cmd;C:\Program Files\nodejs\;C:\Program Files\PowerShell\7\;C:\Program Files\heroku\bin;C:\Program Files (x86)\Gpg4win\bin;C:\Program Files (x86)\GnuPG\bin;C:\bin\apache-maven-3.9.7\bin;C:\Program Files\Java\jdk-19\bin;C:\Users\marko\AppData\Local\Programs\Python\Python312\Scripts\;C:\Users\marko\AppData\Local\Programs\Python\Python312\;C:\Program Files\MySQL\MySQL Shell 8.0\bin\;C:\Users\marko\AppData\Local\Microsoft\WindowsApps;C:\Program Files\JetBrains\IntelliJ IDEA 2021.2.3\bin;C:\Program Files\JetBrains\IntelliJ IDEA Community Edition 2021.2.3\bin;C:\Program Files\JetBrains\PyCharm Community Edition 2021.2.3\bin;C:\Users\marko\.dotnet\tools;C:\Users\marko\AppData\Local\Programs\Microsoft VS Code\bin;C:\Program Files\JetBrains\IntelliJ IDEA Community Edition 2022.1.1\bin;C:\Users\marko\AppData\Roaming\cabal\bin;C:\Users\marko\AppData\Roaming\local\bin;C:\Users\marko\AppData\Local\Programs\Python\Python310;C:\Program Files\JetBrains\PyCharm Community Edition 2023.1.1\bin;;C:\Users\marko\AppData\Local\Microsoft\WindowsApps;C:\Program Files\qemu;C:\Users\marko\.dotnet\tools;C:\Users\marko\Desktop\cmder_mini;C:\Users\marko\AppData\Local\GitHubDesktop\bin;C;C:\Program Files\JetBrains\IntelliJ IDEA 2023.2.2\bin;;C:\Program Files\JetBrains\CLion 2023.2.2\bin;;C:\Program Files\JetBrains\PyCharm 2023.3.2\bin;;C:\Users\marko\AppData\Roaming\npm;C:\Program Files\JetBrains\WebStorm 2023.3.3\bin;;C:\Users\marko\AppData\Local\Microsoft\WinGet\Links;;C:\Program Files\JetBrains\DataGrip 2024.1.4\bin;;."/>
    <property name="java.vm.info" value="mixed mode, sharing"/>
    <property name="stderr.encoding" value="Cp1252"/>
    <property name="java.vendor" value="Oracle Corporation"/>
    <property name="java.vm.version" value="19.0.2+7-44"/>
    <property name="sun.io.unicode.encoding" value="UnicodeLittle"/>
    <property name="java.class.version" value="63.0"/>
    <property name="LOGGED_APPLICATION_NAME" value="[aurora] "/>
  </properties>
  <testcase name="contextLoads" classname="com.livajusic.marko.aurora.AuroraApplicationTests" time="0.586">
    <system-out><![CDATA[23:47:56.337 [main] INFO org.springframework.test.context.support.AnnotationConfigContextLoaderUtils -- Could not detect default configuration classes for test class [com.livajusic.marko.aurora.AuroraApplicationTests]: AuroraApplicationTests does not declare any static, non-private, non-final, nested classes annotated with @Configuration.
23:47:56.440 [main] INFO org.springframework.boot.test.context.SpringBootTestContextBootstrapper -- Found @SpringBootConfiguration com.livajusic.marko.aurora.AuroraApplication for test class com.livajusic.marko.aurora.AuroraApplicationTests

  .   ____          _            __ _ _
 /\\ / ___'_ __ _ _(_)_ __  __ _ \ \ \ \
( ( )\___ | '_ | '_| | '_ \/ _` | \ \ \ \
 \\/  ___)| |_)| | | | | || (_| |  ) ) ) )
  '  |____| .__|_| |_|_| |_\__, | / / / /
 =========|_|==============|___/=/_/_/_/
 :: Spring Boot ::                (v3.2.5)

2024-06-22T23:47:56.832+02:00  INFO 7356 --- [aurora] [           main] c.l.marko.aurora.AuroraApplicationTests  : Starting AuroraApplicationTests using Java 19.0.2 with PID 7356 (started by marko in C:\Dev\vaurora)
2024-06-22T23:47:56.833+02:00  INFO 7356 --- [aurora] [           main] c.l.marko.aurora.AuroraApplicationTests  : No active profile set, falling back to 1 default profile: "default"
2024-06-22T23:47:56.872+02:00 DEBUG 7356 --- [aurora] [           main] o.s.w.c.s.GenericWebApplicationContext   : Refreshing org.springframework.web.context.support.GenericWebApplicationContext@b0964b2
2024-06-22T23:47:57.403+02:00  INFO 7356 --- [aurora] [           main] .s.d.r.c.RepositoryConfigurationDelegate : Bootstrapping Spring Data JPA repositories in DEFAULT mode.
2024-06-22T23:47:57.471+02:00  INFO 7356 --- [aurora] [           main] .s.d.r.c.RepositoryConfigurationDelegate : Finished Spring Data repository scanning in 60 ms. Found 11 JPA repository interfaces.
2024-06-22T23:47:58.189+02:00  INFO 7356 --- [aurora] [           main] com.zaxxer.hikari.HikariDataSource       : HikariPool-1 - Starting...
2024-06-22T23:47:59.076+02:00  INFO 7356 --- [aurora] [           main] com.zaxxer.hikari.pool.HikariPool        : HikariPool-1 - Added connection org.postgresql.jdbc.PgConnection@34f7b44f
2024-06-22T23:47:59.077+02:00  INFO 7356 --- [aurora] [           main] com.zaxxer.hikari.HikariDataSource       : HikariPool-1 - Start completed.
2024-06-22T23:47:59.121+02:00  INFO 7356 --- [aurora] [           main] o.hibernate.jpa.internal.util.LogHelper  : HHH000204: Processing PersistenceUnitInfo [name: default]
2024-06-22T23:47:59.176+02:00  INFO 7356 --- [aurora] [           main] org.hibernate.Version                    : HHH000412: Hibernate ORM core version 6.4.4.Final
2024-06-22T23:47:59.205+02:00  INFO 7356 --- [aurora] [           main] o.h.c.internal.RegionFactoryInitiator    : HHH000026: Second-level cache disabled
2024-06-22T23:47:59.412+02:00  INFO 7356 --- [aurora] [           main] o.s.o.j.p.SpringPersistenceUnitInfo      : No LoadTimeWeaver setup: ignoring JPA class transformer
2024-06-22T23:47:59.512+02:00  WARN 7356 --- [aurora] [           main] org.hibernate.orm.deprecation            : HHH90000025: PostgreSQLDialect does not need to be specified explicitly using 'hibernate.dialect' (remove the property setting and it will be selected by default)
2024-06-22T23:48:00.641+02:00  INFO 7356 --- [aurora] [           main] o.h.e.t.j.p.i.JtaPlatformInitiator       : HHH000489: No JTA platform available (set 'hibernate.transaction.jta.platform' to enable JTA platform integration)
2024-06-22T23:48:02.865+02:00  INFO 7356 --- [aurora] [           main] j.LocalContainerEntityManagerFactoryBean : Initialized JPA EntityManagerFactory for persistence unit 'default'
2024-06-22T23:48:03.488+02:00  WARN 7356 --- [aurora] [           main] JpaBaseConfiguration$JpaWebConfiguration : spring.jpa.open-in-view is enabled by default. Therefore, database queries may be performed during view rendering. Explicitly configure spring.jpa.open-in-view to disable this warning
2024-06-22T23:48:03.760+02:00 DEBUG 7356 --- [aurora] [           main] o.s.w.s.handler.SimpleUrlHandlerMapping  : Patterns [/webjars/**, /**] in 'resourceHandlerMapping'
2024-06-22T23:48:03.814+02:00  INFO 7356 --- [aurora] [           main] o.s.s.web.DefaultSecurityFilterChain     : Will secure any request with [org.springframework.security.web.session.DisableEncodeUrlFilter@1cd4082a, org.springframework.security.web.context.request.async.WebAsyncManagerIntegrationFilter@78c34153, org.springframework.security.web.context.SecurityContextHolderFilter@781ecbac, org.springframework.security.web.header.HeaderWriterFilter@74ea1cd0, org.springframework.web.filter.CorsFilter@1b079e81, org.springframework.security.web.csrf.CsrfFilter@35e0d91e, org.springframework.security.web.authentication.logout.LogoutFilter@72f71ea2, org.springframework.security.web.authentication.UsernamePasswordAuthenticationFilter@33da0fad, org.springframework.security.web.savedrequest.RequestCacheAwareFilter@3f89d36c, org.springframework.security.web.servletapi.SecurityContextHolderAwareRequestFilter@520034a, org.springframework.security.web.authentication.AnonymousAuthenticationFilter@1fae388c, org.springframework.security.web.access.ExceptionTranslationFilter@475a8415, org.springframework.security.web.access.intercept.AuthorizationFilter@2fb9695a]
2024-06-22T23:48:04.013+02:00 DEBUG 7356 --- [aurora] [           main] s.w.s.m.m.a.RequestMappingHandlerAdapter : ControllerAdvice beans: 0 @ModelAttribute, 0 @InitBinder, 1 RequestBodyAdvice, 1 ResponseBodyAdvice
2024-06-22T23:48:04.060+02:00 DEBUG 7356 --- [aurora] [           main] .m.m.a.ExceptionHandlerExceptionResolver : ControllerAdvice beans: 0 @ExceptionHandler, 1 ResponseBodyAdvice
2024-06-22T23:48:04.169+02:00  INFO 7356 --- [aurora] [           main] c.l.marko.aurora.AuroraApplicationTests  : Started AuroraApplicationTests in 7.607 seconds (process running for 8.435)
]]></system-out>
  </testcase>
</testsuite>